Using pre-set license

 COMMAND LINE ARGUMENTS:
/Applications/Unity/Unity.app/Contents/MacOS/Unity
-adb2
-batchMode
-noUpm
-name
AssetImportWorker0
-projectPath
/Users/victoregea/Documents/Enginyeria/3r/3r trimestre/Interactive systems/Lab2/Introduction to Scripting Part 1
-logFile
Logs/AssetImportWorker0.log
-srvPort
50938
Successfully changed project path to: /Users/victoregea/Documents/Enginyeria/3r/3r trimestre/Interactive systems/Lab2/Introduction to Scripting Part 1
/Users/victoregea/Documents/Enginyeria/3r/3r trimestre/Interactive systems/Lab2/Introduction to Scripting Part 1
Using Asset Import Pipeline V2.
Refreshing native plugins compatible for Editor in 37.58 ms, found 1 plugins.
Preloading 0 native plugins for Editor in 0.00 ms.
Initialize engine version: 2020.2.4f1 (becced5a802b)
[Subsystems] Discovering subsystems at path /Applications/Unity/Unity.app/Contents/Resources/UnitySubsystems
[Subsystems] Discovering subsystems at path /Users/victoregea/Documents/Enginyeria/3r/3r trimestre/Interactive systems/Lab2/Introduction to Scripting Part 1/Assets
GfxDevice: creating device client; threaded=0
2022-05-05 12:13:59.914 Unity[5520:126183] Color LCD preferred device: Intel(R) UHD Graphics 630 (low power)
2022-05-05 12:13:59.914 Unity[5520:126183] Metal devices available: 2
2022-05-05 12:13:59.914 Unity[5520:126183] 0: AMD Radeon Pro 5300M (high power)
2022-05-05 12:13:59.914 Unity[5520:126183] 1: Intel(R) UHD Graphics 630 (low power)
2022-05-05 12:13:59.915 Unity[5520:126183] Using device AMD Radeon Pro 5300M (high power)
Initializing Metal device caps: AMD Radeon Pro 5300M
Initialize mono
Mono path[0] = '/Applications/Unity/Unity.app/Contents/Managed'
Mono path[1] = '/Applications/Unity/Unity.app/Contents/MonoBleedingEdge/lib/mono/unityjit'
Mono config path = '/Applications/Unity/Unity.app/Contents/MonoBleedingEdge/etc'
Using monoOptions --debugger-agent=transport=dt_socket,embedding=1,server=y,suspend=n,address=127.0.0.1:56520
Begin MonoManager ReloadAssembly
Registering precompiled unity dll's ...
Register platform support module: /Applications/Unity/Unity.app/Contents/PlaybackEngines/MacStandaloneSupport/UnityEditor.OSXStandalone.Extensions.dll
Registered in 0.001295 seconds.
Native extension for OSXStandalone target not found
Refreshing native plugins compatible for Editor in 31.64 ms, found 1 plugins.
Preloading 0 native plugins for Editor in 0.00 ms.
Invoked RoslynAnalysisRunner static constructor.
RoslynAnalysisRunner will not be running.
RoslynAnalysisRunner has terminated.
Mono: successfully reloaded assembly
- Completed reload, in  1.921 seconds
Platform modules already initialized, skipping
Registering precompiled user dll's ...
Registered in 0.001280 seconds.
Begin MonoManager ReloadAssembly
Native extension for OSXStandalone target not found
Refreshing native plugins compatible for Editor in 0.25 ms, found 1 plugins.
Preloading 0 native plugins for Editor in 0.00 ms.
Invoked RoslynAnalysisRunner static constructor.
RoslynAnalysisRunner will not be running.
RoslynAnalysisRunner has terminated.
Mono: successfully reloaded assembly
- Completed reload, in  1.180 seconds
Platform modules already initialized, skipping
========================================================================
Worker process is ready to serve import requests
Launching external process: /Applications/Unity/Unity.app/Contents/Tools/UnityShaderCompiler
Launched and connected shader compiler UnityShaderCompiler after 0.02 seconds
Refreshing native plugins compatible for Editor in 0.27 ms, found 1 plugins.
Preloading 0 native plugins for Editor in 0.00 ms.
Unloading 1106 Unused Serialized files (Serialized files now loaded: 0)
System memory in use before: 107.1 MB.
System memory in use after: 107.2 MB.

Unloading 9 unused Assets to reduce memory usage. Loaded Objects now: 1548.
Total: 2.329545 ms (FindLiveObjects: 0.344304 ms CreateObjectMapping: 0.084903 ms MarkObjects: 1.815345 ms  DeleteObjects: 0.083511 ms)

========================================================================
Received Import Request.
  path: Assets/RW/Sprites/Sprites.png
  artifactKey: Guid(facfe732c6a2e9841b725dda303d05b0) Importer(815301076,1909f56bfc062723c751e8b465ee728b)
Start importing Assets/RW/Sprites/Sprites.png using Guid(facfe732c6a2e9841b725dda303d05b0) Importer(815301076,1909f56bfc062723c751e8b465ee728b)  -> (artifact id: '4fcbdab8680a41642018bc89da21765b') in 1.617982 seconds
  Import took 1.621167 seconds .

========================================================================
Received Import Request.
  Time since last request: 0.000263 seconds.
  path: Assets/RW/Textures/MaterialColors.png
  artifactKey: Guid(d4fdd9f191161b547bd649248a289040) Importer(815301076,1909f56bfc062723c751e8b465ee728b)
Start importing Assets/RW/Textures/MaterialColors.png using Guid(d4fdd9f191161b547bd649248a289040) Importer(815301076,1909f56bfc062723c751e8b465ee728b)  -> (artifact id: '6137390be1c922e04e413fc4895d2192') in 0.037190 seconds
  Import took 0.040224 seconds .

========================================================================
Received Import Request.
  Time since last request: 0.000429 seconds.
  path: Assets/RW/Sounds/SheepDropped.wav
  artifactKey: Guid(d396aafd153ba394982f2aa1349363de) Importer(815301076,1909f56bfc062723c751e8b465ee728b)
Start importing Assets/RW/Sounds/SheepDropped.wav using Guid(d396aafd153ba394982f2aa1349363de) Importer(815301076,1909f56bfc062723c751e8b465ee728b)  -> (artifact id: '9b2250bdc821da06bcfaaabb696faa35') in 1.653963 seconds
  Import took 1.656876 seconds .

========================================================================
Received Import Request.
  Time since last request: 0.000253 seconds.
  path: Assets/RW/Sounds/SheepHit.wav
  artifactKey: Guid(e97ab3d76ee31794ba31802a0f2a719e) Importer(815301076,1909f56bfc062723c751e8b465ee728b)
Start importing Assets/RW/Sounds/SheepHit.wav using Guid(e97ab3d76ee31794ba31802a0f2a719e) Importer(815301076,1909f56bfc062723c751e8b465ee728b)  -> (artifact id: '862a6c79306ed876639f813a40e9d62f') in 0.030060 seconds
  Import took 0.033095 seconds .

========================================================================
Received Import Request.
  Time since last request: 0.002390 seconds.
  path: Assets/RW/Sounds/Shoot.wav
  artifactKey: Guid(afd9aad0b8c4b1141856b4808d8ea172) Importer(815301076,1909f56bfc062723c751e8b465ee728b)
Start importing Assets/RW/Sounds/Shoot.wav using Guid(afd9aad0b8c4b1141856b4808d8ea172) Importer(815301076,1909f56bfc062723c751e8b465ee728b)  -> (artifact id: 'bc13db2ec826e19c1c19d468be0a3ed9') in 0.009365 seconds
  Import took 0.013372 seconds .

========================================================================
Received Import Request.
  Time since last request: 0.268089 seconds.
  path: Assets/RW/Models/Ground.fbx
  artifactKey: Guid(6800250c0f0e6bf4a8f5cf0ab778ac9e) Importer(815301076,1909f56bfc062723c751e8b465ee728b)
Start importing Assets/RW/Models/Ground.fbx using Guid(6800250c0f0e6bf4a8f5cf0ab778ac9e) Importer(815301076,1909f56bfc062723c751e8b465ee728b)  -> (artifact id: 'bf29c09b7174c36d4fbb660cd5688eeb') in 0.624093 seconds
  Import took 0.626943 seconds .

========================================================================
Received Import Request.
  Time since last request: 0.000282 seconds.
  path: Assets/RW/Models/Start Button.fbx
  artifactKey: Guid(120a8a37d61a56342833a113d69f20ec) Importer(815301076,1909f56bfc062723c751e8b465ee728b)
Start importing Assets/RW/Models/Start Button.fbx using Guid(120a8a37d61a56342833a113d69f20ec) Importer(815301076,1909f56bfc062723c751e8b465ee728b)  -> (artifact id: 'b9128d27d0b2f5e287378824f502fda3') in 0.023652 seconds
  Import took 0.026416 seconds .

========================================================================
Received Import Request.
  Time since last request: 0.000380 seconds.
  path: Assets/RW/Models/Sheep.fbx
  artifactKey: Guid(fee0f50f91e9d7d4a84a85232e663d4a) Importer(815301076,1909f56bfc062723c751e8b465ee728b)
Start importing Assets/RW/Models/Sheep.fbx using Guid(fee0f50f91e9d7d4a84a85232e663d4a) Importer(815301076,1909f56bfc062723c751e8b465ee728b)  -> (artifact id: 'dafc6d5418f1f528e6278a32b4d84500') in 0.032361 seconds
  Import took 0.036216 seconds .

========================================================================
Received Import Request.
  Time since last request: 0.000361 seconds.
  path: Assets/RW/Models/Quit Button.fbx
  artifactKey: Guid(0760bf54179f6744c97628b3f618554d) Importer(815301076,1909f56bfc062723c751e8b465ee728b)
Start importing Assets/RW/Models/Quit Button.fbx using Guid(0760bf54179f6744c97628b3f618554d) Importer(815301076,1909f56bfc062723c751e8b465ee728b)  -> (artifact id: '66cb0245942aea42dfdd1a82fa078300') in 0.020708 seconds
  Import took 0.024129 seconds .

========================================================================
Received Import Request.
  Time since last request: 0.000312 seconds.
  path: Assets/RW/Models/Windmill.fbx
  artifactKey: Guid(58f6635e07a7ff840b21ff4932c0914d) Importer(815301076,1909f56bfc062723c751e8b465ee728b)
Start importing Assets/RW/Models/Windmill.fbx using Guid(58f6635e07a7ff840b21ff4932c0914d) Importer(815301076,1909f56bfc062723c751e8b465ee728b)  -> (artifact id: '2a0cc3428734ddf031edcbd318aea0a0') in 0.045607 seconds
  Import took 0.049502 seconds .

========================================================================
Received Import Request.
  Time since last request: 0.000539 seconds.
  path: Assets/RW/Models/Hay Machine Red.fbx
  artifactKey: Guid(b4f50c31a0c63154ca4085fca6898cbb) Importer(815301076,1909f56bfc062723c751e8b465ee728b)
Start importing Assets/RW/Models/Hay Machine Red.fbx using Guid(b4f50c31a0c63154ca4085fca6898cbb) Importer(815301076,1909f56bfc062723c751e8b465ee728b)  -> (artifact id: '9c2d13cc2464cfe36e934f7b95e56376') in 0.026247 seconds
  Import took 0.031055 seconds .

========================================================================
Received Import Request.
  Time since last request: 0.000521 seconds.
  path: Assets/RW/Models/Title.fbx
  artifactKey: Guid(4d9b273f136282f4eb3f22a0aed5267d) Importer(815301076,1909f56bfc062723c751e8b465ee728b)
Start importing Assets/RW/Models/Title.fbx using Guid(4d9b273f136282f4eb3f22a0aed5267d) Importer(815301076,1909f56bfc062723c751e8b465ee728b)  -> (artifact id: '30e0ed661785f43a539d59417be491ee') in 0.028598 seconds
  Import took 0.032002 seconds .

========================================================================
Received Import Request.
  Time since last request: 0.000269 seconds.
  path: Assets/RW/Models/Hay Bale.fbx
  artifactKey: Guid(af7e099ccf40c8046b7d720e9d8df558) Importer(815301076,1909f56bfc062723c751e8b465ee728b)
Start importing Assets/RW/Models/Hay Bale.fbx using Guid(af7e099ccf40c8046b7d720e9d8df558) Importer(815301076,1909f56bfc062723c751e8b465ee728b)  -> (artifact id: '210a2e9e7d45e9e4d02461a101ee261a') in 0.050861 seconds
  Import took 0.053440 seconds .

========================================================================
Received Import Request.
  Time since last request: 0.000297 seconds.
  path: Assets/RW/Models/Hay Machine Blue.fbx
  artifactKey: Guid(0d729ea02e055de449c21c288a41bb32) Importer(815301076,1909f56bfc062723c751e8b465ee728b)
Start importing Assets/RW/Models/Hay Machine Blue.fbx using Guid(0d729ea02e055de449c21c288a41bb32) Importer(815301076,1909f56bfc062723c751e8b465ee728b)  -> (artifact id: '4c2bbf9191abb53b829e8b6601c9306a') in 0.035679 seconds
  Import took 0.039665 seconds .

========================================================================
Received Import Request.
  Time since last request: 0.000253 seconds.
  path: Assets/RW/Models/Heart.fbx
  artifactKey: Guid(1a8b634e9a3c67346be354111823cd80) Importer(815301076,1909f56bfc062723c751e8b465ee728b)
Start importing Assets/RW/Models/Heart.fbx using Guid(1a8b634e9a3c67346be354111823cd80) Importer(815301076,1909f56bfc062723c751e8b465ee728b)  -> (artifact id: '5bfc7b09cbaabc404456cbaea40b5a2e') in 0.020036 seconds
  Import took 0.022692 seconds .

========================================================================
Received Import Request.
  Time since last request: 0.000249 seconds.
  path: Assets/RW/Models/Hay Machine Yellow.fbx
  artifactKey: Guid(0a87953750e4d784690043bdd32b94d9) Importer(815301076,1909f56bfc062723c751e8b465ee728b)
Start importing Assets/RW/Models/Hay Machine Yellow.fbx using Guid(0a87953750e4d784690043bdd32b94d9) Importer(815301076,1909f56bfc062723c751e8b465ee728b)  -> (artifact id: 'ded69e7fc99a140c571b61cdce0c7637') in 0.021456 seconds
  Import took 0.024397 seconds .

========================================================================
Received Prepare
Registering precompiled user dll's ...
Registered in 0.001241 seconds.
Begin MonoManager ReloadAssembly
Native extension for OSXStandalone target not found
Refreshing native plugins compatible for Editor in 0.27 ms, found 1 plugins.
Preloading 0 native plugins for Editor in 0.00 ms.
Invoked RoslynAnalysisRunner static constructor.
RoslynAnalysisRunner will not be running.
RoslynAnalysisRunner has terminated.
Mono: successfully reloaded assembly
- Completed reload, in  1.104 seconds
Platform modules already initialized, skipping
Refreshing native plugins compatible for Editor in 0.25 ms, found 1 plugins.
Preloading 0 native plugins for Editor in 0.00 ms.
Unloading 1100 Unused Serialized files (Serialized files now loaded: 0)
System memory in use before: 124.5 MB.
System memory in use after: 124.6 MB.

Unloading 4 unused Assets to reduce memory usage. Loaded Objects now: 1566.
Total: 1.907223 ms (FindLiveObjects: 0.151232 ms CreateObjectMapping: 0.042992 ms MarkObjects: 1.691958 ms  DeleteObjects: 0.019598 ms)

========================================================================
Received Prepare
Registering precompiled user dll's ...
Registered in 0.000420 seconds.
Begin MonoManager ReloadAssembly
Native extension for OSXStandalone target not found
Refreshing native plugins compatible for Editor in 0.26 ms, found 1 plugins.
Preloading 0 native plugins for Editor in 0.00 ms.
Invoked RoslynAnalysisRunner static constructor.
RoslynAnalysisRunner will not be running.
RoslynAnalysisRunner has terminated.
Mono: successfully reloaded assembly
- Completed reload, in  1.120 seconds
Platform modules already initialized, skipping
Refreshing native plugins compatible for Editor in 0.24 ms, found 1 plugins.
Preloading 0 native plugins for Editor in 0.00 ms.
Unloading 1101 Unused Serialized files (Serialized files now loaded: 0)
System memory in use before: 124.7 MB.
System memory in use after: 124.8 MB.

Unloading 4 unused Assets to reduce memory usage. Loaded Objects now: 1569.
Total: 1.711287 ms (FindLiveObjects: 0.153102 ms CreateObjectMapping: 0.043165 ms MarkObjects: 1.498131 ms  DeleteObjects: 0.015371 ms)

========================================================================
Received Prepare
Registering precompiled user dll's ...
Registered in 0.000471 seconds.
Begin MonoManager ReloadAssembly
Native extension for OSXStandalone target not found
Refreshing native plugins compatible for Editor in 0.24 ms, found 1 plugins.
Preloading 0 native plugins for Editor in 0.00 ms.
Invoked RoslynAnalysisRunner static constructor.
RoslynAnalysisRunner will not be running.
RoslynAnalysisRunner has terminated.
Mono: successfully reloaded assembly
- Completed reload, in  1.053 seconds
Platform modules already initialized, skipping
Refreshing native plugins compatible for Editor in 0.25 ms, found 1 plugins.
Preloading 0 native plugins for Editor in 0.00 ms.
Unloading 1101 Unused Serialized files (Serialized files now loaded: 0)
System memory in use before: 124.9 MB.
System memory in use after: 125.0 MB.

Unloading 4 unused Assets to reduce memory usage. Loaded Objects now: 1571.
Total: 2.103049 ms (FindLiveObjects: 0.193740 ms CreateObjectMapping: 0.064545 ms MarkObjects: 1.826122 ms  DeleteObjects: 0.016797 ms)

========================================================================
Received Import Request.
  Time since last request: 1846.327377 seconds.
  path: Assets/RW/Scripts/Move.cs
  artifactKey: Guid(328ff0c1bc14b45d9becd8283077021a) Importer(815301076,1909f56bfc062723c751e8b465ee728b)
Start importing Assets/RW/Scripts/Move.cs using Guid(328ff0c1bc14b45d9becd8283077021a) Importer(815301076,1909f56bfc062723c751e8b465ee728b)  -> (artifact id: 'b12096e2ac8a60f127efced96c07b8c8') in 0.276320 seconds
  Import took 0.278835 seconds .

========================================================================
Received Prepare
Registering precompiled user dll's ...
Registered in 0.000376 seconds.
Begin MonoManager ReloadAssembly
Native extension for OSXStandalone target not found
Refreshing native plugins compatible for Editor in 0.36 ms, found 1 plugins.
Preloading 0 native plugins for Editor in 0.00 ms.
Invoked RoslynAnalysisRunner static constructor.
RoslynAnalysisRunner will not be running.
RoslynAnalysisRunner has terminated.
Mono: successfully reloaded assembly
- Completed reload, in  1.076 seconds
Platform modules already initialized, skipping
Refreshing native plugins compatible for Editor in 0.19 ms, found 1 plugins.
Preloading 0 native plugins for Editor in 0.00 ms.
Unloading 1101 Unused Serialized files (Serialized files now loaded: 0)
System memory in use before: 129.4 MB.
System memory in use after: 129.5 MB.

Unloading 4 unused Assets to reduce memory usage. Loaded Objects now: 1573.
Total: 1.948081 ms (FindLiveObjects: 0.252936 ms CreateObjectMapping: 0.047758 ms MarkObjects: 1.599257 ms  DeleteObjects: 0.046365 ms)

========================================================================
Received Import Request.
  Time since last request: 4900.754410 seconds.
  path: Assets/RW/Scripts/Move.cs
  artifactKey: Guid(328ff0c1bc14b45d9becd8283077021a) Importer(815301076,1909f56bfc062723c751e8b465ee728b)
Start importing Assets/RW/Scripts/Move.cs using Guid(328ff0c1bc14b45d9becd8283077021a) Importer(815301076,1909f56bfc062723c751e8b465ee728b)  -> (artifact id: '17d400655f5e7b4fad8f7f2c5c3caf96') in 0.019834 seconds
  Import took 0.023250 seconds .

AssetImportWorkerClient::OnTransportError - code=2 error=End of file
