Using pre-set license

 COMMAND LINE ARGUMENTS:
/Applications/Unity/Unity.app/Contents/MacOS/Unity
-adb2
-batchMode
-noUpm
-name
AssetImportWorker0
-projectPath
/Users/victoregea/Documents/Enginyeria/3r/3r trimestre/Interactive systems/Lab2/Introduction to Scripting Part 1
-logFile
Logs/AssetImportWorker0.log
-srvPort
50361
Successfully changed project path to: /Users/victoregea/Documents/Enginyeria/3r/3r trimestre/Interactive systems/Lab2/Introduction to Scripting Part 1
/Users/victoregea/Documents/Enginyeria/3r/3r trimestre/Interactive systems/Lab2/Introduction to Scripting Part 1
Using Asset Import Pipeline V2.
Refreshing native plugins compatible for Editor in 22.16 ms, found 1 plugins.
Preloading 0 native plugins for Editor in 0.00 ms.
Initialize engine version: 2020.2.4f1 (becced5a802b)
[Subsystems] Discovering subsystems at path /Applications/Unity/Unity.app/Contents/Resources/UnitySubsystems
[Subsystems] Discovering subsystems at path /Users/victoregea/Documents/Enginyeria/3r/3r trimestre/Interactive systems/Lab2/Introduction to Scripting Part 1/Assets
GfxDevice: creating device client; threaded=0
2022-05-05 20:55:21.205 Unity[6934:375526] BenQ GW2480 preferred device: Intel(R) UHD Graphics 630 (low power)
2022-05-05 20:55:21.205 Unity[6934:375526] Metal devices available: 1
2022-05-05 20:55:21.205 Unity[6934:375526] 0: Intel(R) UHD Graphics 630 (low power)
2022-05-05 20:55:21.206 Unity[6934:375526] Using device Intel(R) UHD Graphics 630 (low power)
Initializing Metal device caps: Intel(R) UHD Graphics 630
Initialize mono
Mono path[0] = '/Applications/Unity/Unity.app/Contents/Managed'
Mono path[1] = '/Applications/Unity/Unity.app/Contents/MonoBleedingEdge/lib/mono/unityjit'
Mono config path = '/Applications/Unity/Unity.app/Contents/MonoBleedingEdge/etc'
Using monoOptions --debugger-agent=transport=dt_socket,embedding=1,server=y,suspend=n,address=127.0.0.1:56934
Begin MonoManager ReloadAssembly
Registering precompiled unity dll's ...
Register platform support module: /Applications/Unity/Unity.app/Contents/PlaybackEngines/MacStandaloneSupport/UnityEditor.OSXStandalone.Extensions.dll
Registered in 0.001915 seconds.
Native extension for OSXStandalone target not found
Refreshing native plugins compatible for Editor in 23.26 ms, found 1 plugins.
Preloading 0 native plugins for Editor in 0.00 ms.
Invoked RoslynAnalysisRunner static constructor.
RoslynAnalysisRunner will not be running.
RoslynAnalysisRunner has terminated.
Mono: successfully reloaded assembly
- Completed reload, in  1.327 seconds
Platform modules already initialized, skipping
Registering precompiled user dll's ...
Registered in 0.000778 seconds.
Begin MonoManager ReloadAssembly
Native extension for OSXStandalone target not found
Refreshing native plugins compatible for Editor in 0.19 ms, found 1 plugins.
Preloading 0 native plugins for Editor in 0.00 ms.
Invoked RoslynAnalysisRunner static constructor.
RoslynAnalysisRunner will not be running.
RoslynAnalysisRunner has terminated.
Mono: successfully reloaded assembly
- Completed reload, in  0.824 seconds
Platform modules already initialized, skipping
========================================================================
Worker process is ready to serve import requests
Launching external process: /Applications/Unity/Unity.app/Contents/Tools/UnityShaderCompiler
Launched and connected shader compiler UnityShaderCompiler after 0.01 seconds
Refreshing native plugins compatible for Editor in 0.21 ms, found 1 plugins.
Preloading 0 native plugins for Editor in 0.00 ms.
Unloading 1107 Unused Serialized files (Serialized files now loaded: 0)
System memory in use before: 106.6 MB.
System memory in use after: 106.6 MB.

Unloading 9 unused Assets to reduce memory usage. Loaded Objects now: 1549.
Total: 1.801141 ms (FindLiveObjects: 0.180873 ms CreateObjectMapping: 0.046022 ms MarkObjects: 1.506481 ms  DeleteObjects: 0.066123 ms)

========================================================================
Received Import Request.
  path: Assets/RW/Scripts/Move.cs
  artifactKey: Guid(328ff0c1bc14b45d9becd8283077021a) Importer(815301076,1909f56bfc062723c751e8b465ee728b)
Start importing Assets/RW/Scripts/Move.cs using Guid(328ff0c1bc14b45d9becd8283077021a) Importer(815301076,1909f56bfc062723c751e8b465ee728b)  -> (artifact id: 'b12096e2ac8a60f127efced96c07b8c8') in 0.504186 seconds
  Import took 0.507427 seconds .

========================================================================
Received Prepare
Registering precompiled user dll's ...
Registered in 0.000458 seconds.
Begin MonoManager ReloadAssembly
Native extension for OSXStandalone target not found
Refreshing native plugins compatible for Editor in 0.20 ms, found 1 plugins.
Preloading 0 native plugins for Editor in 0.00 ms.
Invoked RoslynAnalysisRunner static constructor.
RoslynAnalysisRunner will not be running.
RoslynAnalysisRunner has terminated.
Mono: successfully reloaded assembly
- Completed reload, in  0.853 seconds
Platform modules already initialized, skipping
Refreshing native plugins compatible for Editor in 0.19 ms, found 1 plugins.
Preloading 0 native plugins for Editor in 0.00 ms.
Unloading 1101 Unused Serialized files (Serialized files now loaded: 0)
System memory in use before: 110.8 MB.
System memory in use after: 110.9 MB.

Unloading 4 unused Assets to reduce memory usage. Loaded Objects now: 1551.
Total: 2.154614 ms (FindLiveObjects: 0.334317 ms CreateObjectMapping: 0.062938 ms MarkObjects: 1.730493 ms  DeleteObjects: 0.025535 ms)

========================================================================
Received Import Request.
  Time since last request: 1189.576238 seconds.
  path: Assets/RW/Prefabs/Hay Bale.prefab
  artifactKey: Guid(4bb5c3fde6270453397cf46e1f6f4943) Importer(815301076,1909f56bfc062723c751e8b465ee728b)
Start importing Assets/RW/Prefabs/Hay Bale.prefab using Guid(4bb5c3fde6270453397cf46e1f6f4943) Importer(815301076,1909f56bfc062723c751e8b465ee728b)  -> (artifact id: 'baabaaca2030c3721334188afec38ff6') in 1.012005 seconds
  Import took 1.014951 seconds .

========================================================================
Received Import Request.
  Time since last request: 54.936861 seconds.
  path: Assets/RW/Scripts/HayMachine.cs
  artifactKey: Guid(025880d12d9114415834d6f551d4a3ee) Importer(815301076,1909f56bfc062723c751e8b465ee728b)
Start importing Assets/RW/Scripts/HayMachine.cs using Guid(025880d12d9114415834d6f551d4a3ee) Importer(815301076,1909f56bfc062723c751e8b465ee728b)  -> (artifact id: '27ac271e1d9047ba52002c38f469aad3') in 0.008088 seconds
  Import took 0.013018 seconds .

========================================================================
Received Prepare
Registering precompiled user dll's ...
Registered in 0.000629 seconds.
Begin MonoManager ReloadAssembly
Native extension for OSXStandalone target not found
Refreshing native plugins compatible for Editor in 0.21 ms, found 1 plugins.
Preloading 0 native plugins for Editor in 0.00 ms.
Invoked RoslynAnalysisRunner static constructor.
RoslynAnalysisRunner will not be running.
RoslynAnalysisRunner has terminated.
Mono: successfully reloaded assembly
- Completed reload, in  0.798 seconds
Platform modules already initialized, skipping
Refreshing native plugins compatible for Editor in 0.19 ms, found 1 plugins.
Preloading 0 native plugins for Editor in 0.00 ms.
Unloading 1101 Unused Serialized files (Serialized files now loaded: 0)
System memory in use before: 115.4 MB.
System memory in use after: 115.5 MB.

Unloading 4 unused Assets to reduce memory usage. Loaded Objects now: 1553.
Total: 1.479581 ms (FindLiveObjects: 0.151793 ms CreateObjectMapping: 0.041047 ms MarkObjects: 1.266167 ms  DeleteObjects: 0.019468 ms)

========================================================================
Received Import Request.
  Time since last request: 3287.060437 seconds.
  path: Assets/RW/Prefabs/Hay Bale.prefab
  artifactKey: Guid(4bb5c3fde6270453397cf46e1f6f4943) Importer(815301076,1909f56bfc062723c751e8b465ee728b)
Start importing Assets/RW/Prefabs/Hay Bale.prefab using Guid(4bb5c3fde6270453397cf46e1f6f4943) Importer(815301076,1909f56bfc062723c751e8b465ee728b)  -> (artifact id: '27e386517cf165ce04ae94126623e48f') in 0.068052 seconds
  Import took 0.071087 seconds .

========================================================================
Received Import Request.
  Time since last request: 0.008461 seconds.
  path: Assets/RW/Prefabs/Hay Bale.prefab
  artifactKey: Guid(4bb5c3fde6270453397cf46e1f6f4943) Importer(815301076,1909f56bfc062723c751e8b465ee728b)
Start importing Assets/RW/Prefabs/Hay Bale.prefab using Guid(4bb5c3fde6270453397cf46e1f6f4943) Importer(815301076,1909f56bfc062723c751e8b465ee728b)  -> (artifact id: '27e386517cf165ce04ae94126623e48f') in 0.003389 seconds
  Import took 0.005850 seconds .

========================================================================
Received Import Request.
  Time since last request: 115.929813 seconds.
  path: Assets/RW/Scripts/DestroyOnTrigger.cs
  artifactKey: Guid(8e313dace29114c649b14a3c7c0cf119) Importer(815301076,1909f56bfc062723c751e8b465ee728b)
Start importing Assets/RW/Scripts/DestroyOnTrigger.cs using Guid(8e313dace29114c649b14a3c7c0cf119) Importer(815301076,1909f56bfc062723c751e8b465ee728b)  -> (artifact id: '77dd14836dbe98165b3eed99a37b2a07') in 0.002599 seconds
  Import took 0.004720 seconds .

========================================================================
Received Prepare
Registering precompiled user dll's ...
Registered in 0.000326 seconds.
Begin MonoManager ReloadAssembly
Native extension for OSXStandalone target not found
Refreshing native plugins compatible for Editor in 0.20 ms, found 1 plugins.
Preloading 0 native plugins for Editor in 0.00 ms.
Invoked RoslynAnalysisRunner static constructor.
RoslynAnalysisRunner will not be running.
RoslynAnalysisRunner has terminated.
Mono: successfully reloaded assembly
- Completed reload, in  0.790 seconds
Platform modules already initialized, skipping
Refreshing native plugins compatible for Editor in 0.19 ms, found 1 plugins.
Preloading 0 native plugins for Editor in 0.00 ms.
Unloading 1102 Unused Serialized files (Serialized files now loaded: 0)
System memory in use before: 115.7 MB.
System memory in use after: 115.8 MB.

Unloading 4 unused Assets to reduce memory usage. Loaded Objects now: 1556.
Total: 2.215930 ms (FindLiveObjects: 0.268027 ms CreateObjectMapping: 0.071925 ms MarkObjects: 1.850301 ms  DeleteObjects: 0.024455 ms)

========================================================================
Received Prepare
Registering precompiled user dll's ...
Registered in 0.000312 seconds.
Begin MonoManager ReloadAssembly
Native extension for OSXStandalone target not found
Refreshing native plugins compatible for Editor in 0.19 ms, found 1 plugins.
Preloading 0 native plugins for Editor in 0.00 ms.
Invoked RoslynAnalysisRunner static constructor.
RoslynAnalysisRunner will not be running.
RoslynAnalysisRunner has terminated.
Mono: successfully reloaded assembly
- Completed reload, in  0.807 seconds
Platform modules already initialized, skipping
Refreshing native plugins compatible for Editor in 0.19 ms, found 1 plugins.
Preloading 0 native plugins for Editor in 0.00 ms.
Unloading 1102 Unused Serialized files (Serialized files now loaded: 0)
System memory in use before: 115.9 MB.
System memory in use after: 116.0 MB.

Unloading 4 unused Assets to reduce memory usage. Loaded Objects now: 1558.
Total: 2.161452 ms (FindLiveObjects: 0.173335 ms CreateObjectMapping: 0.047605 ms MarkObjects: 1.924571 ms  DeleteObjects: 0.014411 ms)

========================================================================
Received Prepare
Registering precompiled user dll's ...
Registered in 0.000331 seconds.
Begin MonoManager ReloadAssembly
Native extension for OSXStandalone target not found
Refreshing native plugins compatible for Editor in 0.20 ms, found 1 plugins.
Preloading 0 native plugins for Editor in 0.00 ms.
Invoked RoslynAnalysisRunner static constructor.
RoslynAnalysisRunner will not be running.
RoslynAnalysisRunner has terminated.
Mono: successfully reloaded assembly
- Completed reload, in  0.775 seconds
Platform modules already initialized, skipping
Refreshing native plugins compatible for Editor in 0.19 ms, found 1 plugins.
Preloading 0 native plugins for Editor in 0.00 ms.
Unloading 1102 Unused Serialized files (Serialized files now loaded: 0)
System memory in use before: 116.1 MB.
System memory in use after: 116.2 MB.

Unloading 4 unused Assets to reduce memory usage. Loaded Objects now: 1560.
Total: 1.355959 ms (FindLiveObjects: 0.144447 ms CreateObjectMapping: 0.033229 ms MarkObjects: 1.167229 ms  DeleteObjects: 0.010001 ms)

========================================================================
Received Import Request.
  Time since last request: 135.321458 seconds.
  path: Assets/RW/Scripts/DestroyOnTrigger.cs
  artifactKey: Guid(8e313dace29114c649b14a3c7c0cf119) Importer(815301076,1909f56bfc062723c751e8b465ee728b)
Start importing Assets/RW/Scripts/DestroyOnTrigger.cs using Guid(8e313dace29114c649b14a3c7c0cf119) Importer(815301076,1909f56bfc062723c751e8b465ee728b)  -> (artifact id: 'f318d2c3e9126d03795ab12ede4eb79d') in 0.004081 seconds
  Import took 0.007021 seconds .

========================================================================
Received Prepare
Registering precompiled user dll's ...
Registered in 0.000303 seconds.
Begin MonoManager ReloadAssembly
Native extension for OSXStandalone target not found
Refreshing native plugins compatible for Editor in 0.19 ms, found 1 plugins.
Preloading 0 native plugins for Editor in 0.00 ms.
Invoked RoslynAnalysisRunner static constructor.
RoslynAnalysisRunner will not be running.
RoslynAnalysisRunner has terminated.
Mono: successfully reloaded assembly
- Completed reload, in  0.737 seconds
Platform modules already initialized, skipping
Refreshing native plugins compatible for Editor in 0.19 ms, found 1 plugins.
Preloading 0 native plugins for Editor in 0.00 ms.
Unloading 1102 Unused Serialized files (Serialized files now loaded: 0)
System memory in use before: 116.3 MB.
System memory in use after: 116.4 MB.

Unloading 4 unused Assets to reduce memory usage. Loaded Objects now: 1562.
Total: 1.550072 ms (FindLiveObjects: 0.155408 ms CreateObjectMapping: 0.037445 ms MarkObjects: 1.340971 ms  DeleteObjects: 0.015322 ms)

========================================================================
Received Import Request.
  Time since last request: 253.046484 seconds.
  path: Assets/RW/Prefabs/Hay Bale.prefab
  artifactKey: Guid(4bb5c3fde6270453397cf46e1f6f4943) Importer(815301076,1909f56bfc062723c751e8b465ee728b)
Start importing Assets/RW/Prefabs/Hay Bale.prefab using Guid(4bb5c3fde6270453397cf46e1f6f4943) Importer(815301076,1909f56bfc062723c751e8b465ee728b)  -> (artifact id: '24ac29a650ebea221685352ad25cba2d') in 0.042211 seconds
  Import took 0.046167 seconds .

========================================================================
Received Import Request.
  Time since last request: 108.487312 seconds.
  path: Assets/RW/Scripts/Sheep.cs
  artifactKey: Guid(77d6cc3e3668e4ab8964b4ddc390a236) Importer(815301076,1909f56bfc062723c751e8b465ee728b)
Start importing Assets/RW/Scripts/Sheep.cs using Guid(77d6cc3e3668e4ab8964b4ddc390a236) Importer(815301076,1909f56bfc062723c751e8b465ee728b)  -> (artifact id: '54eefa261cc00acbbaa64aa6f5b2be7c') in 0.003131 seconds
  Import took 0.005473 seconds .

========================================================================
Received Prepare
Registering precompiled user dll's ...
Registered in 0.000306 seconds.
Begin MonoManager ReloadAssembly
Native extension for OSXStandalone target not found
Refreshing native plugins compatible for Editor in 0.20 ms, found 1 plugins.
Preloading 0 native plugins for Editor in 0.00 ms.
Invoked RoslynAnalysisRunner static constructor.
RoslynAnalysisRunner will not be running.
RoslynAnalysisRunner has terminated.
Mono: successfully reloaded assembly
- Completed reload, in  0.839 seconds
Platform modules already initialized, skipping
Refreshing native plugins compatible for Editor in 0.19 ms, found 1 plugins.
Preloading 0 native plugins for Editor in 0.00 ms.
Unloading 1103 Unused Serialized files (Serialized files now loaded: 0)
System memory in use before: 116.6 MB.
System memory in use after: 116.7 MB.

Unloading 4 unused Assets to reduce memory usage. Loaded Objects now: 1565.
Total: 1.684640 ms (FindLiveObjects: 0.188386 ms CreateObjectMapping: 0.051178 ms MarkObjects: 1.426719 ms  DeleteObjects: 0.016831 ms)

========================================================================
Received Prepare
Registering precompiled user dll's ...
Registered in 0.000580 seconds.
Begin MonoManager ReloadAssembly
Native extension for OSXStandalone target not found
Refreshing native plugins compatible for Editor in 0.20 ms, found 1 plugins.
Preloading 0 native plugins for Editor in 0.00 ms.
Invoked RoslynAnalysisRunner static constructor.
RoslynAnalysisRunner will not be running.
RoslynAnalysisRunner has terminated.
Mono: successfully reloaded assembly
- Completed reload, in  0.817 seconds
Platform modules already initialized, skipping
Refreshing native plugins compatible for Editor in 0.19 ms, found 1 plugins.
Preloading 0 native plugins for Editor in 0.00 ms.
Unloading 1103 Unused Serialized files (Serialized files now loaded: 0)
System memory in use before: 116.8 MB.
System memory in use after: 116.9 MB.

Unloading 4 unused Assets to reduce memory usage. Loaded Objects now: 1567.
Total: 1.606122 ms (FindLiveObjects: 0.287910 ms CreateObjectMapping: 0.071478 ms MarkObjects: 1.225214 ms  DeleteObjects: 0.019404 ms)

========================================================================
Received Prepare
Registering precompiled user dll's ...
Registered in 0.000908 seconds.
Begin MonoManager ReloadAssembly
Native extension for OSXStandalone target not found
Refreshing native plugins compatible for Editor in 0.20 ms, found 1 plugins.
Preloading 0 native plugins for Editor in 0.00 ms.
Invoked RoslynAnalysisRunner static constructor.
RoslynAnalysisRunner will not be running.
RoslynAnalysisRunner has terminated.
Mono: successfully reloaded assembly
- Completed reload, in  0.740 seconds
Platform modules already initialized, skipping
Refreshing native plugins compatible for Editor in 0.19 ms, found 1 plugins.
Preloading 0 native plugins for Editor in 0.00 ms.
Unloading 1103 Unused Serialized files (Serialized files now loaded: 0)
System memory in use before: 117.0 MB.
System memory in use after: 117.1 MB.

Unloading 4 unused Assets to reduce memory usage. Loaded Objects now: 1569.
Total: 2.047784 ms (FindLiveObjects: 0.193415 ms CreateObjectMapping: 0.054958 ms MarkObjects: 1.783990 ms  DeleteObjects: 0.013444 ms)

========================================================================
Received Prepare
Registering precompiled user dll's ...
Registered in 0.000351 seconds.
Begin MonoManager ReloadAssembly
Native extension for OSXStandalone target not found
Refreshing native plugins compatible for Editor in 0.19 ms, found 1 plugins.
Preloading 0 native plugins for Editor in 0.00 ms.
Invoked RoslynAnalysisRunner static constructor.
RoslynAnalysisRunner will not be running.
RoslynAnalysisRunner has terminated.
Mono: successfully reloaded assembly
- Completed reload, in  0.772 seconds
Platform modules already initialized, skipping
Refreshing native plugins compatible for Editor in 0.19 ms, found 1 plugins.
Preloading 0 native plugins for Editor in 0.00 ms.
Unloading 1103 Unused Serialized files (Serialized files now loaded: 0)
System memory in use before: 117.2 MB.
System memory in use after: 117.3 MB.

Unloading 4 unused Assets to reduce memory usage. Loaded Objects now: 1571.
Total: 1.235249 ms (FindLiveObjects: 0.121496 ms CreateObjectMapping: 0.026008 ms MarkObjects: 1.075853 ms  DeleteObjects: 0.010683 ms)

========================================================================
Received Prepare
Registering precompiled user dll's ...
Registered in 0.000297 seconds.
Begin MonoManager ReloadAssembly
Native extension for OSXStandalone target not found
Refreshing native plugins compatible for Editor in 0.19 ms, found 1 plugins.
Preloading 0 native plugins for Editor in 0.00 ms.
Invoked RoslynAnalysisRunner static constructor.
RoslynAnalysisRunner will not be running.
RoslynAnalysisRunner has terminated.
Mono: successfully reloaded assembly
- Completed reload, in  0.753 seconds
Platform modules already initialized, skipping
Refreshing native plugins compatible for Editor in 0.19 ms, found 1 plugins.
Preloading 0 native plugins for Editor in 0.00 ms.
Unloading 1103 Unused Serialized files (Serialized files now loaded: 0)
System memory in use before: 117.4 MB.
System memory in use after: 117.5 MB.

Unloading 4 unused Assets to reduce memory usage. Loaded Objects now: 1573.
Total: 1.758874 ms (FindLiveObjects: 0.225290 ms CreateObjectMapping: 0.068149 ms MarkObjects: 1.449202 ms  DeleteObjects: 0.014320 ms)

========================================================================
Received Import Request.
  Time since last request: 916.402150 seconds.
  path: Assets/RW/Prefabs/Sheep.prefab
  artifactKey: Guid(bea19e0bb3afb4932aa81135b1ab81c9) Importer(815301076,1909f56bfc062723c751e8b465ee728b)
Start importing Assets/RW/Prefabs/Sheep.prefab using Guid(bea19e0bb3afb4932aa81135b1ab81c9) Importer(815301076,1909f56bfc062723c751e8b465ee728b)  -> (artifact id: 'fb848dded98613c2060505628ba62783') in 0.277295 seconds
  Import took 0.279293 seconds .

========================================================================
Received Import Request.
  Time since last request: 453.555510 seconds.
  path: Assets/RW/Scripts/SheepSpawner.cs
  artifactKey: Guid(873a2bc7773b14986bcaef6f385f7c0f) Importer(815301076,1909f56bfc062723c751e8b465ee728b)
Start importing Assets/RW/Scripts/SheepSpawner.cs using Guid(873a2bc7773b14986bcaef6f385f7c0f) Importer(815301076,1909f56bfc062723c751e8b465ee728b)  -> (artifact id: '5c8a314de8503431190a0085623c8495') in 0.007176 seconds
  Import took 0.011394 seconds .

========================================================================
Received Prepare
Registering precompiled user dll's ...
Registered in 0.000329 seconds.
Begin MonoManager ReloadAssembly
Native extension for OSXStandalone target not found
Refreshing native plugins compatible for Editor in 0.20 ms, found 1 plugins.
Preloading 0 native plugins for Editor in 0.00 ms.
Invoked RoslynAnalysisRunner static constructor.
RoslynAnalysisRunner will not be running.
RoslynAnalysisRunner has terminated.
Mono: successfully reloaded assembly
- Completed reload, in  0.879 seconds
Platform modules already initialized, skipping
Refreshing native plugins compatible for Editor in 0.19 ms, found 1 plugins.
Preloading 0 native plugins for Editor in 0.00 ms.
Unloading 1104 Unused Serialized files (Serialized files now loaded: 0)
System memory in use before: 121.0 MB.
System memory in use after: 121.1 MB.

Unloading 4 unused Assets to reduce memory usage. Loaded Objects now: 1583.
Total: 1.548729 ms (FindLiveObjects: 0.157612 ms CreateObjectMapping: 0.040972 ms MarkObjects: 1.332881 ms  DeleteObjects: 0.014910 ms)

========================================================================
Received Prepare
Registering precompiled user dll's ...
Registered in 0.000415 seconds.
Begin MonoManager ReloadAssembly
Native extension for OSXStandalone target not found
Refreshing native plugins compatible for Editor in 0.21 ms, found 1 plugins.
Preloading 0 native plugins for Editor in 0.00 ms.
Invoked RoslynAnalysisRunner static constructor.
RoslynAnalysisRunner will not be running.
RoslynAnalysisRunner has terminated.
Mono: successfully reloaded assembly
- Completed reload, in  0.807 seconds
Platform modules already initialized, skipping
Refreshing native plugins compatible for Editor in 0.20 ms, found 1 plugins.
Preloading 0 native plugins for Editor in 0.00 ms.
Unloading 1104 Unused Serialized files (Serialized files now loaded: 0)
System memory in use before: 121.2 MB.
System memory in use after: 121.3 MB.

Unloading 4 unused Assets to reduce memory usage. Loaded Objects now: 1585.
Total: 1.461320 ms (FindLiveObjects: 0.143751 ms CreateObjectMapping: 0.033752 ms MarkObjects: 1.271142 ms  DeleteObjects: 0.011764 ms)

========================================================================
Received Prepare
Registering precompiled user dll's ...
Registered in 0.000944 seconds.
Begin MonoManager ReloadAssembly
Native extension for OSXStandalone target not found
Refreshing native plugins compatible for Editor in 0.19 ms, found 1 plugins.
Preloading 0 native plugins for Editor in 0.00 ms.
Invoked RoslynAnalysisRunner static constructor.
RoslynAnalysisRunner will not be running.
RoslynAnalysisRunner has terminated.
Mono: successfully reloaded assembly
- Completed reload, in  0.759 seconds
Platform modules already initialized, skipping
Refreshing native plugins compatible for Editor in 0.22 ms, found 1 plugins.
Preloading 0 native plugins for Editor in 0.00 ms.
Unloading 1104 Unused Serialized files (Serialized files now loaded: 0)
System memory in use before: 121.4 MB.
System memory in use after: 121.5 MB.

Unloading 4 unused Assets to reduce memory usage. Loaded Objects now: 1587.
Total: 2.081006 ms (FindLiveObjects: 0.249907 ms CreateObjectMapping: 0.083411 ms MarkObjects: 1.728829 ms  DeleteObjects: 0.016914 ms)

========================================================================
Received Prepare
Registering precompiled user dll's ...
Registered in 0.000982 seconds.
Begin MonoManager ReloadAssembly
Native extension for OSXStandalone target not found
Refreshing native plugins compatible for Editor in 0.22 ms, found 1 plugins.
Preloading 0 native plugins for Editor in 0.00 ms.
Invoked RoslynAnalysisRunner static constructor.
RoslynAnalysisRunner will not be running.
RoslynAnalysisRunner has terminated.
Mono: successfully reloaded assembly
- Completed reload, in  0.808 seconds
Platform modules already initialized, skipping
Refreshing native plugins compatible for Editor in 0.19 ms, found 1 plugins.
Preloading 0 native plugins for Editor in 0.00 ms.
Unloading 1104 Unused Serialized files (Serialized files now loaded: 0)
System memory in use before: 121.6 MB.
System memory in use after: 121.7 MB.

Unloading 4 unused Assets to reduce memory usage. Loaded Objects now: 1589.
Total: 2.081659 ms (FindLiveObjects: 0.193503 ms CreateObjectMapping: 0.054373 ms MarkObjects: 1.818671 ms  DeleteObjects: 0.013703 ms)

========================================================================
Received Prepare
Registering precompiled user dll's ...
Registered in 0.001045 seconds.
Begin MonoManager ReloadAssembly
Native extension for OSXStandalone target not found
Refreshing native plugins compatible for Editor in 0.19 ms, found 1 plugins.
Preloading 0 native plugins for Editor in 0.00 ms.
Invoked RoslynAnalysisRunner static constructor.
RoslynAnalysisRunner will not be running.
RoslynAnalysisRunner has terminated.
Mono: successfully reloaded assembly
- Completed reload, in  0.857 seconds
Platform modules already initialized, skipping
Refreshing native plugins compatible for Editor in 0.27 ms, found 1 plugins.
Preloading 0 native plugins for Editor in 0.00 ms.
Unloading 1104 Unused Serialized files (Serialized files now loaded: 0)
System memory in use before: 121.8 MB.
System memory in use after: 121.9 MB.

Unloading 4 unused Assets to reduce memory usage. Loaded Objects now: 1591.
Total: 3.186959 ms (FindLiveObjects: 0.198411 ms CreateObjectMapping: 0.053088 ms MarkObjects: 2.898969 ms  DeleteObjects: 0.034705 ms)

========================================================================
Received Import Request.
  Time since last request: 1306.812041 seconds.
  path: Assets/RW/Prefabs/Sheep.prefab
  artifactKey: Guid(bea19e0bb3afb4932aa81135b1ab81c9) Importer(815301076,1909f56bfc062723c751e8b465ee728b)
Start importing Assets/RW/Prefabs/Sheep.prefab using Guid(bea19e0bb3afb4932aa81135b1ab81c9) Importer(815301076,1909f56bfc062723c751e8b465ee728b)  -> (artifact id: 'df6345db05bf1a322125db763d1a5563') in 0.095655 seconds
  Import took 0.100008 seconds .

========================================================================
Received Import Request.
  Time since last request: 1.287528 seconds.
  path: Assets/RW/Prefabs/Sheep.prefab
  artifactKey: Guid(bea19e0bb3afb4932aa81135b1ab81c9) Importer(815301076,1909f56bfc062723c751e8b465ee728b)
Start importing Assets/RW/Prefabs/Sheep.prefab using Guid(bea19e0bb3afb4932aa81135b1ab81c9) Importer(815301076,1909f56bfc062723c751e8b465ee728b)  -> (artifact id: 'eeeddacced7d84de85bd300e1793b960') in 0.009092 seconds
  Import took 0.013287 seconds .

========================================================================
Received Prepare
Registering precompiled user dll's ...
Registered in 0.000960 seconds.
Begin MonoManager ReloadAssembly
Native extension for OSXStandalone target not found
Refreshing native plugins compatible for Editor in 0.19 ms, found 1 plugins.
Preloading 0 native plugins for Editor in 0.00 ms.
Invoked RoslynAnalysisRunner static constructor.
RoslynAnalysisRunner will not be running.
RoslynAnalysisRunner has terminated.
Mono: successfully reloaded assembly
- Completed reload, in  0.755 seconds
Platform modules already initialized, skipping
Refreshing native plugins compatible for Editor in 0.20 ms, found 1 plugins.
Preloading 0 native plugins for Editor in 0.00 ms.
Unloading 1104 Unused Serialized files (Serialized files now loaded: 0)
System memory in use before: 122.0 MB.
System memory in use after: 122.1 MB.

Unloading 4 unused Assets to reduce memory usage. Loaded Objects now: 1594.
Total: 1.312386 ms (FindLiveObjects: 0.123840 ms CreateObjectMapping: 0.029389 ms MarkObjects: 1.147449 ms  DeleteObjects: 0.010518 ms)

========================================================================
Received Import Request.
  Time since last request: 76.510897 seconds.
  path: Assets/RW/Prefabs/Hay Machine Models/Hay Machine Blue.prefab
  artifactKey: Guid(5c5170d876533ae43bc2e4b15c8e6f6e) Importer(815301076,1909f56bfc062723c751e8b465ee728b)
Start importing Assets/RW/Prefabs/Hay Machine Models/Hay Machine Blue.prefab using Guid(5c5170d876533ae43bc2e4b15c8e6f6e) Importer(815301076,1909f56bfc062723c751e8b465ee728b)  -> (artifact id: '9155d33e89bfa5fa6cd6360a5f05ad13') in 0.055354 seconds
  Import took 0.057643 seconds .

========================================================================
Received Import Request.
  Time since last request: 0.000174 seconds.
  path: Assets/RW/Prefabs/Hay Machine Models/Hay Machine Yellow.prefab
  artifactKey: Guid(28d1a170d9eea59478aa66152b57f446) Importer(815301076,1909f56bfc062723c751e8b465ee728b)
Start importing Assets/RW/Prefabs/Hay Machine Models/Hay Machine Yellow.prefab using Guid(28d1a170d9eea59478aa66152b57f446) Importer(815301076,1909f56bfc062723c751e8b465ee728b)  -> (artifact id: '51787324a6eb310fa08ef68d8c02bb65') in 0.011557 seconds
  Import took 0.016526 seconds .

========================================================================
Received Import Request.
  Time since last request: 0.000239 seconds.
  path: Assets/RW/Prefabs/Hay Machine Models/Hay Machine Red.prefab
  artifactKey: Guid(5162234e78cffba45b0498c4775c0be7) Importer(815301076,1909f56bfc062723c751e8b465ee728b)
Start importing Assets/RW/Prefabs/Hay Machine Models/Hay Machine Red.prefab using Guid(5162234e78cffba45b0498c4775c0be7) Importer(815301076,1909f56bfc062723c751e8b465ee728b)  -> (artifact id: '78cd713b98cfa917f25a9e62a7f9bbb4') in 0.013439 seconds
  Import took 0.016402 seconds .

========================================================================
Received Import Request.
  Time since last request: 0.858004 seconds.
  path: Assets/RW/Prefabs/Scenery/Ground.prefab
  artifactKey: Guid(fca26d3bba1898f4396e3c3a760c289e) Importer(815301076,1909f56bfc062723c751e8b465ee728b)
Start importing Assets/RW/Prefabs/Scenery/Ground.prefab using Guid(fca26d3bba1898f4396e3c3a760c289e) Importer(815301076,1909f56bfc062723c751e8b465ee728b)  -> (artifact id: '9dd512c85dee718b84cb0245158d8843') in 0.014677 seconds
  Import took 0.017144 seconds .

========================================================================
Received Import Request.
  Time since last request: 0.000298 seconds.
  path: Assets/RW/Prefabs/Scenery/Windmill.prefab
  artifactKey: Guid(ff9c52423c3a7be49af987edf422bcff) Importer(815301076,1909f56bfc062723c751e8b465ee728b)
Start importing Assets/RW/Prefabs/Scenery/Windmill.prefab using Guid(ff9c52423c3a7be49af987edf422bcff) Importer(815301076,1909f56bfc062723c751e8b465ee728b)  -> (artifact id: 'c4bed170e96c6fac7c6baa77ff8fa04b') in 0.020311 seconds
  Import took 0.022234 seconds .

========================================================================
Received Import Request.
  Time since last request: 0.760353 seconds.
  path: Assets/RW/Prefabs/Title/Quit Button.prefab
  artifactKey: Guid(ceb8b54db18a85342890b94e2a7c4c2a) Importer(815301076,1909f56bfc062723c751e8b465ee728b)
Start importing Assets/RW/Prefabs/Title/Quit Button.prefab using Guid(ceb8b54db18a85342890b94e2a7c4c2a) Importer(815301076,1909f56bfc062723c751e8b465ee728b)  -> (artifact id: 'b471660a2c7e383513a86996d133b204') in 0.009474 seconds
  Import took 0.011592 seconds .

========================================================================
Received Import Request.
  Time since last request: 0.000159 seconds.
  path: Assets/RW/Prefabs/Title/Start Button.prefab
  artifactKey: Guid(8518085896b53be49b1eedb4c15d53c2) Importer(815301076,1909f56bfc062723c751e8b465ee728b)
Start importing Assets/RW/Prefabs/Title/Start Button.prefab using Guid(8518085896b53be49b1eedb4c15d53c2) Importer(815301076,1909f56bfc062723c751e8b465ee728b)  -> (artifact id: 'e2658e60fa21b4f7f4e0bd68fd27fae5') in 0.016103 seconds
  Import took 0.018448 seconds .

========================================================================
Received Prepare
Registering precompiled user dll's ...
Registered in 0.000858 seconds.
Begin MonoManager ReloadAssembly
Native extension for OSXStandalone target not found
Refreshing native plugins compatible for Editor in 0.19 ms, found 1 plugins.
Preloading 0 native plugins for Editor in 0.00 ms.
Invoked RoslynAnalysisRunner static constructor.
RoslynAnalysisRunner will not be running.
RoslynAnalysisRunner has terminated.
Mono: successfully reloaded assembly
- Completed reload, in  0.756 seconds
Platform modules already initialized, skipping
Refreshing native plugins compatible for Editor in 0.20 ms, found 1 plugins.
Preloading 0 native plugins for Editor in 0.00 ms.
Unloading 1104 Unused Serialized files (Serialized files now loaded: 0)
System memory in use before: 122.4 MB.
System memory in use after: 122.5 MB.

Unloading 4 unused Assets to reduce memory usage. Loaded Objects now: 1597.
Total: 1.465963 ms (FindLiveObjects: 0.179684 ms CreateObjectMapping: 0.046393 ms MarkObjects: 1.214538 ms  DeleteObjects: 0.023695 ms)

========================================================================
Received Import Request.
  Time since last request: 134.255959 seconds.
  path: Assets/RW/Prefabs/Hay Bale.prefab
  artifactKey: Guid(4bb5c3fde6270453397cf46e1f6f4943) Importer(815301076,1909f56bfc062723c751e8b465ee728b)
Start importing Assets/RW/Prefabs/Hay Bale.prefab using Guid(4bb5c3fde6270453397cf46e1f6f4943) Importer(815301076,1909f56bfc062723c751e8b465ee728b)  -> (artifact id: 'f85e7650b1cc6e44569dfbdd294a4286') in 0.058988 seconds
  Import took 0.061331 seconds .

========================================================================
Received Prepare
Registering precompiled user dll's ...
Registered in 0.000947 seconds.
Begin MonoManager ReloadAssembly
Native extension for OSXStandalone target not found
Refreshing native plugins compatible for Editor in 0.19 ms, found 1 plugins.
Preloading 0 native plugins for Editor in 0.00 ms.
Invoked RoslynAnalysisRunner static constructor.
RoslynAnalysisRunner will not be running.
RoslynAnalysisRunner has terminated.
Mono: successfully reloaded assembly
- Completed reload, in  0.802 seconds
Platform modules already initialized, skipping
Refreshing native plugins compatible for Editor in 0.21 ms, found 1 plugins.
Preloading 0 native plugins for Editor in 0.00 ms.
Unloading 1104 Unused Serialized files (Serialized files now loaded: 0)
System memory in use before: 122.7 MB.
System memory in use after: 122.7 MB.

Unloading 4 unused Assets to reduce memory usage. Loaded Objects now: 1600.
Total: 1.903686 ms (FindLiveObjects: 0.197313 ms CreateObjectMapping: 0.051373 ms MarkObjects: 1.640006 ms  DeleteObjects: 0.012965 ms)

========================================================================
Received Import Request.
  Time since last request: 36.601827 seconds.
  path: Assets/RW/Prefabs/Hay Bale.prefab
  artifactKey: Guid(4bb5c3fde6270453397cf46e1f6f4943) Importer(815301076,1909f56bfc062723c751e8b465ee728b)
Start importing Assets/RW/Prefabs/Hay Bale.prefab using Guid(4bb5c3fde6270453397cf46e1f6f4943) Importer(815301076,1909f56bfc062723c751e8b465ee728b)  -> (artifact id: 'b568a7b1efec7e9f955f3dfb2fda2145') in 0.070356 seconds
  Import took 0.073004 seconds .

========================================================================
Received Prepare
Registering precompiled user dll's ...
Registered in 0.000328 seconds.
Begin MonoManager ReloadAssembly
Native extension for OSXStandalone target not found
Refreshing native plugins compatible for Editor in 0.20 ms, found 1 plugins.
Preloading 0 native plugins for Editor in 0.00 ms.
Invoked RoslynAnalysisRunner static constructor.
RoslynAnalysisRunner will not be running.
RoslynAnalysisRunner has terminated.
Mono: successfully reloaded assembly
- Completed reload, in  0.720 seconds
Platform modules already initialized, skipping
Refreshing native plugins compatible for Editor in 0.19 ms, found 1 plugins.
Preloading 0 native plugins for Editor in 0.00 ms.
Unloading 1104 Unused Serialized files (Serialized files now loaded: 0)
System memory in use before: 122.9 MB.
System memory in use after: 123.0 MB.

Unloading 4 unused Assets to reduce memory usage. Loaded Objects now: 1603.
Total: 1.434411 ms (FindLiveObjects: 0.141302 ms CreateObjectMapping: 0.033147 ms MarkObjects: 1.243356 ms  DeleteObjects: 0.015027 ms)

========================================================================
Received Import Request.
  Time since last request: 19.569697 seconds.
  path: Assets/RW/Prefabs/Hay Bale.prefab
  artifactKey: Guid(4bb5c3fde6270453397cf46e1f6f4943) Importer(815301076,1909f56bfc062723c751e8b465ee728b)
Start importing Assets/RW/Prefabs/Hay Bale.prefab using Guid(4bb5c3fde6270453397cf46e1f6f4943) Importer(815301076,1909f56bfc062723c751e8b465ee728b)  -> (artifact id: 'd53b905c91cb4cb1f5ab254dfc2742e2') in 0.053122 seconds
  Import took 0.056365 seconds .

========================================================================
Received Prepare
Registering precompiled user dll's ...
Registered in 0.001025 seconds.
Begin MonoManager ReloadAssembly
Native extension for OSXStandalone target not found
Refreshing native plugins compatible for Editor in 0.20 ms, found 1 plugins.
Preloading 0 native plugins for Editor in 0.00 ms.
Invoked RoslynAnalysisRunner static constructor.
RoslynAnalysisRunner will not be running.
RoslynAnalysisRunner has terminated.
Mono: successfully reloaded assembly
- Completed reload, in  0.757 seconds
Platform modules already initialized, skipping
Refreshing native plugins compatible for Editor in 0.19 ms, found 1 plugins.
Preloading 0 native plugins for Editor in 0.00 ms.
Unloading 1104 Unused Serialized files (Serialized files now loaded: 0)
System memory in use before: 123.2 MB.
System memory in use after: 123.3 MB.

Unloading 4 unused Assets to reduce memory usage. Loaded Objects now: 1606.
Total: 2.034023 ms (FindLiveObjects: 0.213767 ms CreateObjectMapping: 0.061677 ms MarkObjects: 1.741510 ms  DeleteObjects: 0.015178 ms)

========================================================================
Received Prepare
Refreshing native plugins compatible for Editor in 1.03 ms, found 1 plugins.
Preloading 0 native plugins for Editor in 0.00 ms.
Unloading 2 Unused Serialized files (Serialized files now loaded: 0)
System memory in use before: 101.0 MB.
System memory in use after: 101.1 MB.

Unloading 2 unused Assets to reduce memory usage. Loaded Objects now: 1606.
Total: 3.819726 ms (FindLiveObjects: 0.132979 ms CreateObjectMapping: 0.032340 ms MarkObjects: 3.636428 ms  DeleteObjects: 0.016382 ms)

